c:\users\ahmed saleh\downloads\fifth trial\fifth trial\firsttrial\x64\debug\vc142.pdb
c:\users\ahmed saleh\downloads\fifth trial\fifth trial\firsttrial\x64\debug\.netframework,version=v4.7.2.assemblyattributes.obj
c:\users\ahmed saleh\downloads\fifth trial\fifth trial\firsttrial\x64\debug\myform.obj
c:\users\ahmed saleh\downloads\fifth trial\fifth trial\firsttrial\x64\debug\firsttrial.myform.resources
c:\users\ahmed saleh\downloads\fifth trial\fifth trial\x64\debug\firsttrial.exe
c:\users\ahmed saleh\downloads\fifth trial\fifth trial\x64\debug\firsttrial.pdb
c:\users\20109\desktop\fifth trial\firsttrial\x64\debug\firsttrial.vcxproj.generateresource.cache
c:\users\20109\desktop\fifth trial\firsttrial\x64\debug\firsttrial.vcxprojassemblyreference.cache
c:\users\20109\desktop\fifth trial\firsttrial\x64\debug\.netframework,version=v4.7.2.assemblyattributes.obj
c:\users\20109\desktop\fifth trial\firsttrial\x64\debug\myform.obj
c:\users\20109\desktop\fifth trial\firsttrial\x64\debug\firsttrial.myform.resources
c:\users\20109\desktop\fifth trial\firsttrial\x64\debug\vc142.pdb
c:\users\20109\desktop\fifth trial\x64\debug\firsttrial.pdb
c:\users\20109\desktop\fifth trial\x64\debug\firsttrial.exe
c:\users\20109\desktop\fifth trial\firsttrial\x64\debug\firsttrial.tlog\cl.command.1.tlog
c:\users\20109\desktop\fifth trial\firsttrial\x64\debug\firsttrial.tlog\cl.read.1.tlog
c:\users\20109\desktop\fifth trial\firsttrial\x64\debug\firsttrial.tlog\cl.write.1.tlog
c:\users\20109\desktop\fifth trial\firsttrial\x64\debug\firsttrial.tlog\firsttrial.write.1u.tlog
c:\users\20109\desktop\fifth trial\firsttrial\x64\debug\firsttrial.tlog\link.command.1.tlog
c:\users\20109\desktop\fifth trial\firsttrial\x64\debug\firsttrial.tlog\link.read.1.tlog
c:\users\20109\desktop\fifth trial\firsttrial\x64\debug\firsttrial.tlog\link.write.1.tlog
c:\users\20109\desktop\fifth trial\firsttrial\x64\debug\firsttrial.tlog\metagen.read.1.tlog
c:\users\20109\desktop\fifth trial\firsttrial\x64\debug\firsttrial.tlog\metagen.write.1.tlog
