  MyForm.cpp
D:\FCIS\First Year\Second Smester\Structure Programming\Project\Trials\Third Trial - Copy\FirstTrial\MyForm.h(634,1): error C2679: binary '=': no operator found which takes a right-hand operand of type 'System::String ^' (or there is no acceptable conversion)
C:\Program Files (x86)\Microsoft Visual Studio\2019\Community\VC\Tools\MSVC\14.28.29910\include\xstring(2881,19): message : could be 'std::basic_string<char,std::char_traits<char>,std::allocator<char>> &std::basic_string<char,std::char_traits<char>,std::allocator<char>>::operator =(const _Elem)'
          with
          [
              _Elem=char
          ]
C:\Program Files (x86)\Microsoft Visual Studio\2019\Community\VC\Tools\MSVC\14.28.29910\include\xstring(2877,19): message : or       'std::basic_string<char,std::char_traits<char>,std::allocator<char>> &std::basic_string<char,std::char_traits<char>,std::allocator<char>>::operator =(const _Elem *const )'
          with
          [
              _Elem=char
          ]
C:\Program Files (x86)\Microsoft Visual Studio\2019\Community\VC\Tools\MSVC\14.28.29910\include\xstring(2862,19): message : or       'std::basic_string<char,std::char_traits<char>,std::allocator<char>> &std::basic_string<char,std::char_traits<char>,std::allocator<char>>::operator =(const std::basic_string<char,std::char_traits<char>,std::allocator<char>> &)'
C:\Program Files (x86)\Microsoft Visual Studio\2019\Community\VC\Tools\MSVC\14.28.29910\include\xstring(2763,19): message : or       'std::basic_string<char,std::char_traits<char>,std::allocator<char>> &std::basic_string<char,std::char_traits<char>,std::allocator<char>>::operator =(std::initializer_list<_Elem>)'
          with
          [
              _Elem=char
          ]
C:\Program Files (x86)\Microsoft Visual Studio\2019\Community\VC\Tools\MSVC\14.28.29910\include\xstring(2664,19): message : or       'std::basic_string<char,std::char_traits<char>,std::allocator<char>> &std::basic_string<char,std::char_traits<char>,std::allocator<char>>::operator =(std::basic_string<char,std::char_traits<char>,std::allocator<char>> &&) noexcept(<expr>)'
D:\FCIS\First Year\Second Smester\Structure Programming\Project\Trials\Third Trial - Copy\FirstTrial\MyForm.h(634,1): message : while trying to match the argument list '(std::string, System::String ^)'
D:\FCIS\First Year\Second Smester\Structure Programming\Project\Trials\Third Trial - Copy\FirstTrial\MyForm.cpp(6,1): warning C4829: Possibly incorrect parameters to function main. Consider 'int main(Platform::Array<Platform::String^>^ argv)'
